#! /usr/bin/vvp
:ivl_version "12.0 (stable)";
:ivl_delay_selection "TYPICAL";
:vpi_time_precision - 12;
:vpi_module "/usr/lib/x86_64-linux-gnu/ivl/system.vpi";
:vpi_module "/usr/lib/x86_64-linux-gnu/ivl/vhdl_sys.vpi";
:vpi_module "/usr/lib/x86_64-linux-gnu/ivl/vhdl_textio.vpi";
:vpi_module "/usr/lib/x86_64-linux-gnu/ivl/v2005_math.vpi";
:vpi_module "/usr/lib/x86_64-linux-gnu/ivl/va_math.vpi";
S_0x5957c0663320 .scope module, "tb_maquina_maluca" "tb_maquina_maluca" 2 3;
 .timescale -9 -12;
v0x5957c067b3b0_0 .var "agua_enchida", 0 0;
v0x5957c067b470_0 .var "clk", 0 0;
v0x5957c067b540_0 .var "reset", 0 0;
v0x5957c067b640_0 .var "start", 0 0;
v0x5957c067b710_0 .net "state", 3 0, L_0x5957c067b800;  1 drivers
S_0x5957c06634b0 .scope module, "dut" "maquina_maluca" 2 12, 3 1 0, S_0x5957c0663320;
 .timescale 0 0;
    .port_info 0 /INPUT 1 "clk";
    .port_info 1 /INPUT 1 "reset";
    .port_info 2 /INPUT 1 "start";
    .port_info 3 /INPUT 1 "agua_enchida";
    .port_info 4 /OUTPUT 4 "state";
P_0x5957c0625490 .param/l "COLOCAR_NO_FILTRO" 1 3 14, C4<0110>;
P_0x5957c06254d0 .param/l "ENCHER_RESERVATORIO" 1 3 12, C4<0100>;
P_0x5957c0625510 .param/l "IDLE" 1 3 9, C4<0001>;
P_0x5957c0625550 .param/l "LIGAR_MAQUINA" 1 3 10, C4<0010>;
P_0x5957c0625590 .param/l "MOER_CAFE" 1 3 13, C4<0101>;
P_0x5957c06255d0 .param/l "PASSAR_AGITADOR" 1 3 15, C4<0111>;
P_0x5957c0625610 .param/l "REALIZAR_EXTRACAO" 1 3 17, C4<1001>;
P_0x5957c0625650 .param/l "TAMPEAR" 1 3 16, C4<1000>;
P_0x5957c0625690 .param/l "VERIFICAR_AGUA" 1 3 11, C4<0011>;
L_0x5957c067b800 .functor BUFZ 4, v0x5957c067aec0_0, C4<0000>, C4<0000>, C4<0000>;
v0x5957c0663690_0 .net "agua_enchida", 0 0, v0x5957c067b3b0_0;  1 drivers
v0x5957c067ae00_0 .net "clk", 0 0, v0x5957c067b470_0;  1 drivers
v0x5957c067aec0_0 .var "current_state", 3 0;
v0x5957c067af80_0 .var "next_state", 3 0;
v0x5957c067b060_0 .net "reset", 0 0, v0x5957c067b540_0;  1 drivers
v0x5957c067b170_0 .net "start", 0 0, v0x5957c067b640_0;  1 drivers
v0x5957c067b230_0 .net "state", 3 0, L_0x5957c067b800;  alias, 1 drivers
E_0x5957c0625b40 .event anyedge, v0x5957c067aec0_0, v0x5957c067b170_0, v0x5957c0663690_0;
E_0x5957c0625d90 .event posedge, v0x5957c067b060_0, v0x5957c067ae00_0;
    .scope S_0x5957c06634b0;
T_0 ;
    %wait E_0x5957c0625d90;
    %load/vec4 v0x5957c067b060_0;
    %flag_set/vec4 8;
    %jmp/0xz  T_0.0, 8;
    %pushi/vec4 1, 0, 4;
    %assign/vec4 v0x5957c067aec0_0, 0;
    %jmp T_0.1;
T_0.0 ;
    %load/vec4 v0x5957c067af80_0;
    %assign/vec4 v0x5957c067aec0_0, 0;
T_0.1 ;
    %jmp T_0;
    .thread T_0;
    .scope S_0x5957c06634b0;
T_1 ;
    %wait E_0x5957c0625b40;
    %load/vec4 v0x5957c067aec0_0;
    %dup/vec4;
    %pushi/vec4 1, 0, 4;
    %cmp/u;
    %jmp/1 T_1.0, 6;
    %dup/vec4;
    %pushi/vec4 2, 0, 4;
    %cmp/u;
    %jmp/1 T_1.1, 6;
    %dup/vec4;
    %pushi/vec4 3, 0, 4;
    %cmp/u;
    %jmp/1 T_1.2, 6;
    %dup/vec4;
    %pushi/vec4 4, 0, 4;
    %cmp/u;
    %jmp/1 T_1.3, 6;
    %dup/vec4;
    %pushi/vec4 5, 0, 4;
    %cmp/u;
    %jmp/1 T_1.4, 6;
    %dup/vec4;
    %pushi/vec4 6, 0, 4;
    %cmp/u;
    %jmp/1 T_1.5, 6;
    %dup/vec4;
    %pushi/vec4 7, 0, 4;
    %cmp/u;
    %jmp/1 T_1.6, 6;
    %dup/vec4;
    %pushi/vec4 8, 0, 4;
    %cmp/u;
    %jmp/1 T_1.7, 6;
    %dup/vec4;
    %pushi/vec4 9, 0, 4;
    %cmp/u;
    %jmp/1 T_1.8, 6;
    %pushi/vec4 1, 0, 4;
    %store/vec4 v0x5957c067af80_0, 0, 4;
    %jmp T_1.10;
T_1.0 ;
    %load/vec4 v0x5957c067b170_0;
    %flag_set/vec4 8;
    %jmp/0xz  T_1.11, 8;
    %pushi/vec4 2, 0, 4;
    %store/vec4 v0x5957c067af80_0, 0, 4;
    %jmp T_1.12;
T_1.11 ;
    %pushi/vec4 1, 0, 4;
    %store/vec4 v0x5957c067af80_0, 0, 4;
T_1.12 ;
    %jmp T_1.10;
T_1.1 ;
    %pushi/vec4 3, 0, 4;
    %store/vec4 v0x5957c067af80_0, 0, 4;
    %jmp T_1.10;
T_1.2 ;
    %load/vec4 v0x5957c0663690_0;
    %flag_set/vec4 8;
    %jmp/0xz  T_1.13, 8;
    %pushi/vec4 5, 0, 4;
    %store/vec4 v0x5957c067af80_0, 0, 4;
    %jmp T_1.14;
T_1.13 ;
    %pushi/vec4 4, 0, 4;
    %store/vec4 v0x5957c067af80_0, 0, 4;
T_1.14 ;
    %jmp T_1.10;
T_1.3 ;
    %pushi/vec4 3, 0, 4;
    %store/vec4 v0x5957c067af80_0, 0, 4;
    %jmp T_1.10;
T_1.4 ;
    %pushi/vec4 6, 0, 4;
    %store/vec4 v0x5957c067af80_0, 0, 4;
    %jmp T_1.10;
T_1.5 ;
    %pushi/vec4 7, 0, 4;
    %store/vec4 v0x5957c067af80_0, 0, 4;
    %jmp T_1.10;
T_1.6 ;
    %pushi/vec4 8, 0, 4;
    %store/vec4 v0x5957c067af80_0, 0, 4;
    %jmp T_1.10;
T_1.7 ;
    %pushi/vec4 9, 0, 4;
    %store/vec4 v0x5957c067af80_0, 0, 4;
    %jmp T_1.10;
T_1.8 ;
    %pushi/vec4 1, 0, 4;
    %store/vec4 v0x5957c067af80_0, 0, 4;
    %jmp T_1.10;
T_1.10 ;
    %pop/vec4 1;
    %jmp T_1;
    .thread T_1, $push;
    .scope S_0x5957c0663320;
T_2 ;
    %pushi/vec4 0, 0, 1;
    %store/vec4 v0x5957c067b470_0, 0, 1;
T_2.0 ;
    %delay 5000, 0;
    %load/vec4 v0x5957c067b470_0;
    %inv;
    %store/vec4 v0x5957c067b470_0, 0, 1;
    %jmp T_2.0;
    %end;
    .thread T_2;
    .scope S_0x5957c0663320;
T_3 ;
    %pushi/vec4 0, 0, 1;
    %store/vec4 v0x5957c067b540_0, 0, 1;
    %pushi/vec4 0, 0, 1;
    %store/vec4 v0x5957c067b640_0, 0, 1;
    %pushi/vec4 0, 0, 1;
    %store/vec4 v0x5957c067b3b0_0, 0, 1;
    %delay 20000, 0;
    %pushi/vec4 1, 0, 1;
    %store/vec4 v0x5957c067b540_0, 0, 1;
    %delay 20000, 0;
    %pushi/vec4 0, 0, 1;
    %store/vec4 v0x5957c067b540_0, 0, 1;
    %pushi/vec4 1, 0, 1;
    %store/vec4 v0x5957c067b640_0, 0, 1;
    %delay 10000, 0;
    %pushi/vec4 0, 0, 1;
    %store/vec4 v0x5957c067b640_0, 0, 1;
    %delay 70000, 0;
    %pushi/vec4 1, 0, 1;
    %store/vec4 v0x5957c067b3b0_0, 0, 1;
    %delay 10000, 0;
    %pushi/vec4 0, 0, 1;
    %store/vec4 v0x5957c067b3b0_0, 0, 1;
    %delay 150000, 0;
    %vpi_call 2 53 "$finish" {0 0 0};
    %end;
    .thread T_3;
    .scope S_0x5957c0663320;
T_4 ;
    %vpi_call 2 58 "$display", "Time\011clk\011rst_n\011start\011agua_ok\011state" {0 0 0};
    %vpi_call 2 59 "$monitor", "%0t\011%b\011%b\011%b\011%b\011%0d", $time, v0x5957c067b470_0, v0x5957c067b540_0, v0x5957c067b640_0, v0x5957c067b3b0_0, v0x5957c067b710_0 {0 0 0};
    %end;
    .thread T_4;
# The file index is used to find the file name in the following table.
:file_names 4;
    "N/A";
    "<interactive>";
    "tb.v";
    "maquina_maluca.v";
